<?xml version="1.0" encoding="UTF-8"?>
<!-- Generated by org.testng.reporters.JUnitXMLReporter -->
<testsuite ignored="1" hostname="ACW-Lap-031" failures="0" tests="2" name="Convertedcode" time="37.773" errors="0" timestamp="2024-06-21T19:52:03 IST">
  <testcase classname="framework.Testcase.PurchaseOrder" name="purchaseOrder" time="15.384"/>
  <testcase classname="framework.Testcase.PurchaseOrder" name="purchaseOrder" time="14.754"/>
  <testcase classname="framework.Testcase.PurchaseOrder" name="orderHistoryTest" time="0.0">
    <ignored/>
  </testcase> <!-- orderHistoryTest -->
</testsuite> <!-- Convertedcode -->
