<?xml version="1.0" encoding="UTF-8"?>
<!-- Generated by org.testng.reporters.JUnitXMLReporter -->
<testsuite ignored="0" hostname="ACW-Lap-031" failures="2" tests="2" name="Errorvalidation" time="13.534" errors="0" timestamp="2024-06-24T01:51:29 IST">
  <testcase classname="framework.Testcase.Error_Validation_Test" name="logininvalid_Credencial" time="0.775">
    <failure type="java.lang.AssertionError" message="expected [Incorrect email password.] but found [Incorrect email or password.]">
      <![CDATA[java.lang.AssertionError: expected [Incorrect email password.] but found [Incorrect email or password.]
at framework.Testcase.Error_Validation_Test.logininvalid_Credencial(Error_Validation_Test.java:17)
at java.base/java.util.ArrayList.forEach(ArrayList.java:1511)
... Removed 33 stack frames]]>
    </failure>
  </testcase> <!-- logininvalid_Credencial -->
  <testcase classname="framework.Testcase.Error_Validation_Test" name="productErrorValidation" time="2.901">
    <failure type="java.lang.AssertionError" message="expected [true] but found [false]">
      <![CDATA[java.lang.AssertionError: expected [true] but found [false]
at framework.Testcase.Error_Validation_Test.productErrorValidation(Error_Validation_Test.java:30)
at java.base/java.util.ArrayList.forEach(ArrayList.java:1511)
... Removed 31 stack frames]]>
    </failure>
  </testcase> <!-- productErrorValidation -->
</testsuite> <!-- Errorvalidation -->
