<?xml version="1.0" encoding="UTF-8"?>
<!-- Generated by org.testng.reporters.JUnitXMLReporter -->
<testsuite ignored="0" hostname="ACW-Lap-031" failures="0" tests="3" name="PurchaseOrder" time="49.006" errors="0" timestamp="2024-06-22T00:38:30 IST">
  <testcase classname="framework.Testcase.PurchaseOrder" name="purchaseOrder" time="15.389"/>
  <testcase classname="framework.Testcase.PurchaseOrder" name="purchaseOrder" time="16.046"/>
  <testcase classname="framework.Testcase.PurchaseOrder" name="orderHistoryTest" time="0.95"/>
</testsuite> <!-- PurchaseOrder -->
