<?xml version="1.0" encoding="UTF-8"?>
<!-- Generated by org.testng.reporters.JUnitXMLReporter -->
<testsuite ignored="0" hostname="ACW-Lap-031" failures="0" tests="3" name="PurchaseOrder" time="48.805" errors="0" timestamp="2024-06-24T01:39:26 IST">
  <testcase classname="framework.Testcase.PurchaseOrder" name="purchaseOrder" time="15.438"/>
  <testcase classname="framework.Testcase.PurchaseOrder" name="purchaseOrder" time="15.293"/>
  <testcase classname="framework.Testcase.PurchaseOrder" name="orderHistoryTest" time="1.067"/>
</testsuite> <!-- PurchaseOrder -->
