<!DOCTYPE html PUBLIC "-//W3C//DTD XHTML 1.1//EN" "https://www.w3.org/TR/xhtml11/DTD/xhtml11.dtd">
<html xmlns="https://www.w3.org/1999/xhtml">
<head>
<meta http-equiv="content-type" content="text/html; charset=UTF-8"/>
<title>TestNG Report</title>
<style type="text/css">table {margin-bottom:10px;border-collapse:collapse;empty-cells:show}th,td {border:1px solid #009;padding:.25em .5em}th {vertical-align:bottom}td {vertical-align:top}table a {font-weight:bold}.stripe td {background-color: #E6EBF9}.num {text-align:right}.passedodd td {background-color: #3F3}.passedeven td {background-color: #0A0}.skippedodd td {background-color: #DDD}.skippedeven td {background-color: #CCC}.failedodd td,.attn {background-color: #F33}.failedeven td,.stripe .attn {background-color: #D00}.stacktrace {white-space:pre;font-family:monospace}.totop {font-size:85%;text-align:center;border-bottom:2px solid #000}.invisible {display:none}</style>
</head>
<body>
<table>
<tr><th>Test</th><th># Passed</th><th># Skipped</th><th># Retried</th><th># Failed</th><th>Time (ms)</th><th>Included Groups</th><th>Excluded Groups</th></tr>
<tr><th colspan="8">Realtime</th></tr>
<tr><td><a href="#t0">Errorvalidation</a></td><td class="num">1</td><td class="num">0</td><td class="num attn">1</td><td class="num attn">1</td><td class="num">26,585</td><td></td><td></td></tr>
<tr class="stripe"><td><a href="#t1">Convertedcode</a></td><td class="num">1</td><td class="num attn">1</td><td class="num">0</td><td class="num attn">1</td><td class="num">47,349</td><td></td><td></td></tr>
<tr><th>Total</th><th class="num">2</th><th class="num attn">1</th><th class="num attn">1</th><th class="num attn">2</th><th class="num">73,934</th><th colspan="2"></th></tr>
</table>
<table id='summary'><thead><tr><th>Class</th><th>Method</th><th>Start</th><th>Time (ms)</th></tr></thead><tbody><tr><th colspan="4">Realtime</th></tr></tbody><tbody id="t0"><tr><th colspan="4">Errorvalidation &#8212; failed</th></tr><tr class="failedeven"><td rowspan="1">SeleniumRealtime.testcases.Error_Validation_Test</td><td><a href="#m0">logininvalid_Credencial</a></td><td rowspan="1">1764185297543</td><td rowspan="1">1152</td></tr><tr><th colspan="4">Errorvalidation &#8212; retried</th></tr><tr class="retriedeven"><td rowspan="1">SeleniumRealtime.testcases.Error_Validation_Test</td><td><a href="#m1">logininvalid_Credencial</a></td><td rowspan="1">1764185288836</td><td rowspan="1">1474</td></tr><tr><th colspan="4">Errorvalidation &#8212; passed</th></tr><tr class="passedeven"><td rowspan="1">SeleniumRealtime.testcases.Error_Validation_Test</td><td><a href="#m2">productErrorValidation</a></td><td rowspan="1">1764185304978</td><td rowspan="1">3114</td></tr></tbody>
<tbody id="t1"><tr><th colspan="4">Convertedcode &#8212; failed</th></tr><tr class="failedeven"><td rowspan="1">SeleniumRealtime.testcases.Standalone_convertTest</td><td><a href="#m3">purchaseOrder</a></td><td rowspan="1">1764185287370</td><td rowspan="1">23089</td></tr><tr><th colspan="4">Convertedcode &#8212; skipped</th></tr><tr class="skippedeven"><td rowspan="1">SeleniumRealtime.testcases.Standalone_convertTest</td><td><a href="#m4">orderHistoryTest</a></td><td rowspan="1">1764185329159</td><td rowspan="1">0</td></tr><tr><th colspan="4">Convertedcode &#8212; passed</th></tr><tr class="passedeven"><td rowspan="1">SeleniumRealtime.testcases.Standalone_convertTest</td><td><a href="#m5">purchaseOrder</a></td><td rowspan="1">1764185313794</td><td rowspan="1">15043</td></tr></tbody>
</table>
<h2>Errorvalidation</h2><h3 id="m0">SeleniumRealtime.testcases.Error_Validation_Test#logininvalid_Credencial</h3><table class="result"><tr><th>Exception</th></tr><tr><td><div class="stacktrace">java.lang.AssertionError: expected [Incorrect email or password.] but found [Incorrect email password.]
	at SeleniumRealtime.testcases.Error_Validation_Test.logininvalid_Credencial(Error_Validation_Test.java:18)
	at java.base/java.util.ArrayList.forEach(ArrayList.java:1596)
	at java.base/java.util.concurrent.FutureTask.run(FutureTask.java:317)
	at java.base/java.util.concurrent.ThreadPoolExecutor.runWorker(ThreadPoolExecutor.java:1144)
	at java.base/java.util.concurrent.ThreadPoolExecutor$Worker.run(ThreadPoolExecutor.java:642)
	at java.base/java.lang.Thread.run(Thread.java:1583)
... Removed 21 stack frames</div></td></tr></table><p class="totop"><a href="#summary">back to summary</a></p>
<h3 id="m1">SeleniumRealtime.testcases.Error_Validation_Test#logininvalid_Credencial</h3><table class="result"><tr><th>Exception</th></tr><tr><td><div class="stacktrace">java.lang.AssertionError: expected [Incorrect email or password.] but found [Incorrect email password.]
	at SeleniumRealtime.testcases.Error_Validation_Test.logininvalid_Credencial(Error_Validation_Test.java:18)
	at java.base/java.util.ArrayList.forEach(ArrayList.java:1596)
	at java.base/java.util.concurrent.FutureTask.run(FutureTask.java:317)
	at java.base/java.util.concurrent.ThreadPoolExecutor.runWorker(ThreadPoolExecutor.java:1144)
	at java.base/java.util.concurrent.ThreadPoolExecutor$Worker.run(ThreadPoolExecutor.java:642)
	at java.base/java.lang.Thread.run(Thread.java:1583)
... Removed 21 stack frames</div></td></tr></table><p class="totop"><a href="#summary">back to summary</a></p>
<h3 id="m2">SeleniumRealtime.testcases.Error_Validation_Test#productErrorValidation</h3><table class="result"><tr><th class="invisible"/></tr></table><p class="totop"><a href="#summary">back to summary</a></p>
<h2>Convertedcode</h2><h3 id="m3">SeleniumRealtime.testcases.Standalone_convertTest#purchaseOrder</h3><table class="result"><tr class="param"><th>Parameter #1</th></tr><tr class="param stripe"><td>{productname=IPHONE 13 PRO, password=Welcome@123, email=antony@yopmail.com}</td></tr><tr><th>Exception</th></tr><tr><td><div class="stacktrace">java.lang.AssertionError: expected [true] but found [false]
	at SeleniumRealtime.testcases.Standalone_convertTest.purchaseOrder(Standalone_convertTest.java:114)
	at java.base/java.util.ArrayList.forEach(ArrayList.java:1596)
	at java.base/java.util.concurrent.FutureTask.run(FutureTask.java:317)
	at java.base/java.util.concurrent.ThreadPoolExecutor.runWorker(ThreadPoolExecutor.java:1144)
	at java.base/java.util.concurrent.ThreadPoolExecutor$Worker.run(ThreadPoolExecutor.java:642)
	at java.base/java.lang.Thread.run(Thread.java:1583)
... Removed 19 stack frames</div></td></tr></table><p class="totop"><a href="#summary">back to summary</a></p>
<h3 id="m4">SeleniumRealtime.testcases.Standalone_convertTest#orderHistoryTest</h3><table class="result"><tr><th>Exception</th></tr><tr><td><div class="stacktrace">java.lang.Throwable: Method SeleniumRealtime.testcases.Standalone_convertTest.orderHistoryTest() on instance SeleniumRealtime.testcases.Standalone_convertTest@68746f22 depends on not successfully finished methods 
[SeleniumRealtime.testcases.Standalone_convertTest.purchaseOrder() on instance SeleniumRealtime.testcases.Standalone_convertTest@68746f22]
	at java.base/java.util.ArrayList.forEach(ArrayList.java:1596)
	at java.base/java.util.concurrent.FutureTask.run(FutureTask.java:317)
	at java.base/java.util.concurrent.ThreadPoolExecutor.runWorker(ThreadPoolExecutor.java:1144)
	at java.base/java.util.concurrent.ThreadPoolExecutor$Worker.run(ThreadPoolExecutor.java:642)
	at java.base/java.lang.Thread.run(Thread.java:1583)
... Removed 8 stack frames</div></td></tr></table><p class="totop"><a href="#summary">back to summary</a></p>
<h3 id="m5">SeleniumRealtime.testcases.Standalone_convertTest#purchaseOrder</h3><table class="result"><tr class="param"><th>Parameter #1</th></tr><tr class="param stripe"><td>{productname=ADIDAS ORIGINAL, password=Welcome@123, email=josh@yopmail.com}</td></tr></table><p class="totop"><a href="#summary">back to summary</a></p>
</body>
</html>
