<?xml version="1.0" encoding="UTF-8"?>
<testng-results ignored="0" total="1" passed="1" failed="0" skipped="0">
  <reporter-output>
  </reporter-output>
  <suite started-at="2024-06-08T02:09:39 IST" name="Default suite" finished-at="2024-06-08T02:10:02 IST" duration-ms="22674">
    <groups>
    </groups>
    <test started-at="2024-06-08T02:09:39 IST" name="Default test" finished-at="2024-06-08T02:10:02 IST" duration-ms="22674">
      <class name="SeleniumRealtime.testcases.Standalone_convertTest">
        <test-method is-config="true" signature="launching_App()[pri:0, instance:SeleniumRealtime.testcases.Standalone_convertTest@4b45a2f5]" started-at="2024-06-08T02:09:39 IST" name="launching_App" finished-at="2024-06-08T02:09:46 IST" duration-ms="6938" status="PASS">
          <reporter-output>
          </reporter-output>
        </test-method> <!-- launching_App -->
        <test-method signature="convertedcode()[pri:0, instance:SeleniumRealtime.testcases.Standalone_convertTest@4b45a2f5]" started-at="2024-06-08T02:09:46 IST" name="convertedcode" finished-at="2024-06-08T02:10:01 IST" duration-ms="15414" status="PASS">
          <reporter-output>
          </reporter-output>
        </test-method> <!-- convertedcode -->
        <test-method is-config="true" signature="close()[pri:0, instance:SeleniumRealtime.testcases.Standalone_convertTest@4b45a2f5]" started-at="2024-06-08T02:10:01 IST" name="close" finished-at="2024-06-08T02:10:02 IST" duration-ms="245" status="PASS">
          <reporter-output>
          </reporter-output>
        </test-method> <!-- close -->
      </class> <!-- SeleniumRealtime.testcases.Standalone_convertTest -->
    </test> <!-- Default test -->
  </suite> <!-- Default suite -->
</testng-results>
