<?xml version="1.0" encoding="UTF-8"?>
<testng-results ignored="0" total="5" passed="5" failed="0" skipped="0">
  <reporter-output>
  </reporter-output>
  <suite started-at="2024-06-20T23:36:22 IST" name="Realtime" finished-at="2024-06-20T23:37:14 IST" duration-ms="52132">
    <groups>
      <group name="Errorvalidation">
        <method signature="Standalone_convertTest.purchaseOrder(java.util.HashMap)[pri:0, instance:SeleniumRealtime.testcases.Standalone_convertTest@4b79ac84]" name="purchaseOrder" class="SeleniumRealtime.testcases.Standalone_convertTest"/>
        <method signature="Error_Validation_Test.logininvalid_Credencial()[pri:0, instance:SeleniumRealtime.testcases.Error_Validation_Test@517d4a0d]" name="logininvalid_Credencial" class="SeleniumRealtime.testcases.Error_Validation_Test"/>
      </group> <!-- Errorvalidation -->
      <group name="multipledata">
        <method signature="Standalone_convertTest.purchaseOrder(java.util.HashMap)[pri:0, instance:SeleniumRealtime.testcases.Standalone_convertTest@4b79ac84]" name="purchaseOrder" class="SeleniumRealtime.testcases.Standalone_convertTest"/>
      </group> <!-- multipledata -->
    </groups>
    <test started-at="2024-06-20T23:36:22 IST" name="Errorvalidation" finished-at="2024-06-20T23:36:49 IST" duration-ms="27276">
      <class name="SeleniumRealtime.testcases.Error_Validation_Test">
        <test-method is-config="true" signature="launching_App()[pri:0, instance:SeleniumRealtime.testcases.Error_Validation_Test@517d4a0d]" started-at="2024-06-20T23:36:22 IST" name="launching_App" finished-at="2024-06-20T23:36:28 IST" duration-ms="5980" status="PASS">
          <reporter-output>
          </reporter-output>
        </test-method> <!-- launching_App -->
        <test-method signature="logininvalid_Credencial()[pri:0, instance:SeleniumRealtime.testcases.Error_Validation_Test@517d4a0d]" started-at="2024-06-20T23:36:28 IST" name="logininvalid_Credencial" finished-at="2024-06-20T23:36:29 IST" duration-ms="1398" status="PASS">
          <reporter-output>
          </reporter-output>
        </test-method> <!-- logininvalid_Credencial -->
        <test-method is-config="true" signature="close()[pri:0, instance:SeleniumRealtime.testcases.Error_Validation_Test@517d4a0d]" started-at="2024-06-20T23:36:29 IST" name="close" finished-at="2024-06-20T23:36:30 IST" duration-ms="638" status="PASS">
          <reporter-output>
          </reporter-output>
        </test-method> <!-- close -->
        <test-method is-config="true" signature="launching_App()[pri:0, instance:SeleniumRealtime.testcases.Error_Validation_Test@517d4a0d]" started-at="2024-06-20T23:36:30 IST" name="launching_App" finished-at="2024-06-20T23:36:34 IST" duration-ms="4073" status="PASS">
          <reporter-output>
          </reporter-output>
        </test-method> <!-- launching_App -->
        <test-method signature="productErrorValidation()[pri:0, instance:SeleniumRealtime.testcases.Error_Validation_Test@517d4a0d]" started-at="2024-06-20T23:36:34 IST" name="productErrorValidation" finished-at="2024-06-20T23:36:49 IST" duration-ms="14507" status="PASS">
          <reporter-output>
          </reporter-output>
        </test-method> <!-- productErrorValidation -->
        <test-method is-config="true" signature="close()[pri:0, instance:SeleniumRealtime.testcases.Error_Validation_Test@517d4a0d]" started-at="2024-06-20T23:36:49 IST" name="close" finished-at="2024-06-20T23:36:49 IST" duration-ms="560" status="PASS">
          <reporter-output>
          </reporter-output>
        </test-method> <!-- close -->
      </class> <!-- SeleniumRealtime.testcases.Error_Validation_Test -->
    </test> <!-- Errorvalidation -->
    <test started-at="2024-06-20T23:36:22 IST" name="Convertedcode" finished-at="2024-06-20T23:37:14 IST" duration-ms="52132">
      <class name="SeleniumRealtime.testcases.Standalone_convertTest">
        <test-method is-config="true" signature="launching_App()[pri:0, instance:SeleniumRealtime.testcases.Standalone_convertTest@4b79ac84]" started-at="2024-06-20T23:36:22 IST" name="launching_App" finished-at="2024-06-20T23:36:28 IST" duration-ms="5732" status="PASS">
          <reporter-output>
          </reporter-output>
        </test-method> <!-- launching_App -->
        <test-method signature="purchaseOrder(java.util.HashMap)[pri:0, instance:SeleniumRealtime.testcases.Standalone_convertTest@4b79ac84]" started-at="2024-06-20T23:36:28 IST" name="purchaseOrder" data-provider="getdata" finished-at="2024-06-20T23:36:45 IST" duration-ms="16414" status="PASS">
          <params>
            <param index="0">
              <value>
                <![CDATA[{productname=IPHONE 13 PRO, password=Welcome@123, email=antony@yopmail.com}]]>
              </value>
            </param>
          </params>
          <reporter-output>
          </reporter-output>
        </test-method> <!-- purchaseOrder -->
        <test-method is-config="true" signature="close()[pri:0, instance:SeleniumRealtime.testcases.Standalone_convertTest@4b79ac84]" started-at="2024-06-20T23:36:45 IST" name="close" finished-at="2024-06-20T23:36:45 IST" duration-ms="736" status="PASS">
          <reporter-output>
          </reporter-output>
        </test-method> <!-- close -->
        <test-method is-config="true" signature="launching_App()[pri:0, instance:SeleniumRealtime.testcases.Standalone_convertTest@4b79ac84]" started-at="2024-06-20T23:36:45 IST" name="launching_App" finished-at="2024-06-20T23:36:51 IST" duration-ms="5627" status="PASS">
          <reporter-output>
          </reporter-output>
        </test-method> <!-- launching_App -->
        <test-method signature="purchaseOrder(java.util.HashMap)[pri:0, instance:SeleniumRealtime.testcases.Standalone_convertTest@4b79ac84]" started-at="2024-06-20T23:36:51 IST" name="purchaseOrder" data-provider="getdata" finished-at="2024-06-20T23:37:06 IST" duration-ms="15073" status="PASS">
          <params>
            <param index="0">
              <value>
                <![CDATA[{productname=ADIDAS ORIGINAL, password=Welcome@123, email=josh@yopmail.com}]]>
              </value>
            </param>
          </params>
          <reporter-output>
          </reporter-output>
        </test-method> <!-- purchaseOrder -->
        <test-method is-config="true" signature="close()[pri:0, instance:SeleniumRealtime.testcases.Standalone_convertTest@4b79ac84]" started-at="2024-06-20T23:37:06 IST" name="close" finished-at="2024-06-20T23:37:06 IST" duration-ms="250" status="PASS">
          <reporter-output>
          </reporter-output>
        </test-method> <!-- close -->
        <test-method is-config="true" signature="launching_App()[pri:0, instance:SeleniumRealtime.testcases.Standalone_convertTest@4b79ac84]" started-at="2024-06-20T23:37:06 IST" name="launching_App" finished-at="2024-06-20T23:37:13 IST" duration-ms="6461" status="PASS">
          <reporter-output>
          </reporter-output>
        </test-method> <!-- launching_App -->
        <test-method signature="orderHistoryTest()[pri:0, instance:SeleniumRealtime.testcases.Standalone_convertTest@4b79ac84]" started-at="2024-06-20T23:37:13 IST" name="orderHistoryTest" finished-at="2024-06-20T23:37:14 IST" depends-on-methods="SeleniumRealtime.testcases.Standalone_convertTest.purchaseOrder" duration-ms="973" status="PASS">
          <reporter-output>
          </reporter-output>
        </test-method> <!-- orderHistoryTest -->
        <test-method is-config="true" signature="close()[pri:0, instance:SeleniumRealtime.testcases.Standalone_convertTest@4b79ac84]" started-at="2024-06-20T23:37:14 IST" name="close" finished-at="2024-06-20T23:37:14 IST" duration-ms="292" status="PASS">
          <reporter-output>
          </reporter-output>
        </test-method> <!-- close -->
      </class> <!-- SeleniumRealtime.testcases.Standalone_convertTest -->
    </test> <!-- Convertedcode -->
  </suite> <!-- Realtime -->
</testng-results>
