<?xml version="1.0" encoding="UTF-8"?>
<testng-results ignored="0" total="1" passed="1" failed="0" skipped="0">
  <reporter-output>
  </reporter-output>
  <suite started-at="2024-06-01T02:03:01 IST" name="Default suite" finished-at="2024-06-01T02:03:27 IST" duration-ms="25726">
    <groups>
    </groups>
    <test started-at="2024-06-01T02:03:01 IST" name="Default test" finished-at="2024-06-01T02:03:27 IST" duration-ms="25726">
      <class name="SeleniumRealtime.testcases.Standalone_convert">
        <test-method signature="convertedcode()[pri:0, instance:SeleniumRealtime.testcases.Standalone_convert@52719fb6]" started-at="2024-06-01T02:03:01 IST" name="convertedcode" finished-at="2024-06-01T02:03:27 IST" duration-ms="25567" status="PASS">
          <reporter-output>
          </reporter-output>
        </test-method> <!-- convertedcode -->
      </class> <!-- SeleniumRealtime.testcases.Standalone_convert -->
    </test> <!-- Default test -->
  </suite> <!-- Default suite -->
</testng-results>
