<?xml version="1.0" encoding="UTF-8"?>
<testng-results ignored="0" total="3" passed="3" failed="0" skipped="0">
  <reporter-output>
  </reporter-output>
  <suite started-at="2024-07-06T19:00:25 IST" name="Default suite" finished-at="2024-07-06T19:01:14 IST" duration-ms="49033">
    <groups>
      <group name="Errorvalidation">
        <method signature="Standalone_convertTest.purchaseOrder(java.util.HashMap)[pri:0, instance:SeleniumRealtime.testcases.Standalone_convertTest@6892b3b6]" name="purchaseOrder" class="SeleniumRealtime.testcases.Standalone_convertTest"/>
        <method signature="Standalone_convertTest.orderHistoryTest()[pri:0, instance:SeleniumRealtime.testcases.Standalone_convertTest@6892b3b6]" name="orderHistoryTest" class="SeleniumRealtime.testcases.Standalone_convertTest"/>
      </group> <!-- Errorvalidation -->
      <group name="multipledata">
        <method signature="Standalone_convertTest.purchaseOrder(java.util.HashMap)[pri:0, instance:SeleniumRealtime.testcases.Standalone_convertTest@6892b3b6]" name="purchaseOrder" class="SeleniumRealtime.testcases.Standalone_convertTest"/>
      </group> <!-- multipledata -->
    </groups>
    <test started-at="2024-07-06T19:00:25 IST" name="Default test" finished-at="2024-07-06T19:01:14 IST" duration-ms="49033">
      <class name="SeleniumRealtime.testcases.Standalone_convertTest">
        <test-method is-config="true" signature="launching_App()[pri:0, instance:SeleniumRealtime.testcases.Standalone_convertTest@6892b3b6]" started-at="2024-07-06T19:00:26 IST" name="launching_App" finished-at="2024-07-06T19:00:34 IST" duration-ms="8208" status="PASS">
          <reporter-output>
          </reporter-output>
        </test-method> <!-- launching_App -->
        <test-method signature="purchaseOrder(java.util.HashMap)[pri:0, instance:SeleniumRealtime.testcases.Standalone_convertTest@6892b3b6]" started-at="2024-07-06T19:00:34 IST" name="purchaseOrder" data-provider="getdata" finished-at="2024-07-06T19:00:50 IST" duration-ms="15437" status="PASS">
          <params>
            <param index="0">
              <value>
                <![CDATA[{productname=IPHONE 13 PRO, password=Welcome@123, email=antony@yopmail.com}]]>
              </value>
            </param>
          </params>
          <reporter-output>
          </reporter-output>
        </test-method> <!-- purchaseOrder -->
        <test-method is-config="true" signature="close()[pri:0, instance:SeleniumRealtime.testcases.Standalone_convertTest@6892b3b6]" started-at="2024-07-06T19:00:50 IST" name="close" finished-at="2024-07-06T19:00:50 IST" duration-ms="193" status="PASS">
          <reporter-output>
          </reporter-output>
        </test-method> <!-- close -->
        <test-method is-config="true" signature="launching_App()[pri:0, instance:SeleniumRealtime.testcases.Standalone_convertTest@6892b3b6]" started-at="2024-07-06T19:00:50 IST" name="launching_App" finished-at="2024-07-06T19:00:53 IST" duration-ms="3151" status="PASS">
          <reporter-output>
          </reporter-output>
        </test-method> <!-- launching_App -->
        <test-method signature="purchaseOrder(java.util.HashMap)[pri:0, instance:SeleniumRealtime.testcases.Standalone_convertTest@6892b3b6]" started-at="2024-07-06T19:00:53 IST" name="purchaseOrder" data-provider="getdata" finished-at="2024-07-06T19:01:08 IST" duration-ms="15247" status="PASS">
          <params>
            <param index="0">
              <value>
                <![CDATA[{productname=ADIDAS ORIGINAL, password=Welcome@123, email=josh@yopmail.com}]]>
              </value>
            </param>
          </params>
          <reporter-output>
          </reporter-output>
        </test-method> <!-- purchaseOrder -->
        <test-method is-config="true" signature="close()[pri:0, instance:SeleniumRealtime.testcases.Standalone_convertTest@6892b3b6]" started-at="2024-07-06T19:01:08 IST" name="close" finished-at="2024-07-06T19:01:08 IST" duration-ms="127" status="PASS">
          <reporter-output>
          </reporter-output>
        </test-method> <!-- close -->
        <test-method is-config="true" signature="launching_App()[pri:0, instance:SeleniumRealtime.testcases.Standalone_convertTest@6892b3b6]" started-at="2024-07-06T19:01:08 IST" name="launching_App" finished-at="2024-07-06T19:01:13 IST" duration-ms="4682" status="PASS">
          <reporter-output>
          </reporter-output>
        </test-method> <!-- launching_App -->
        <test-method signature="orderHistoryTest()[pri:0, instance:SeleniumRealtime.testcases.Standalone_convertTest@6892b3b6]" started-at="2024-07-06T19:01:13 IST" name="orderHistoryTest" finished-at="2024-07-06T19:01:14 IST" depends-on-methods="SeleniumRealtime.testcases.Standalone_convertTest.purchaseOrder" duration-ms="1242" status="PASS">
          <reporter-output>
          </reporter-output>
        </test-method> <!-- orderHistoryTest -->
        <test-method is-config="true" signature="close()[pri:0, instance:SeleniumRealtime.testcases.Standalone_convertTest@6892b3b6]" started-at="2024-07-06T19:01:14 IST" name="close" finished-at="2024-07-06T19:01:14 IST" duration-ms="147" status="PASS">
          <reporter-output>
          </reporter-output>
        </test-method> <!-- close -->
      </class> <!-- SeleniumRealtime.testcases.Standalone_convertTest -->
    </test> <!-- Default test -->
  </suite> <!-- Default suite -->
</testng-results>
