<?xml version="1.0" encoding="UTF-8"?>
<testng-results ignored="0" total="2" passed="2" failed="0" skipped="0">
  <reporter-output>
  </reporter-output>
  <suite started-at="2025-02-19T16:09:25 IST" name="Realtime" finished-at="2025-02-19T16:10:10 IST" duration-ms="45045">
    <groups>
      <group name="Errorvalidation">
        <method signature="Standalone_convertTest.purchaseOrder(java.util.HashMap)[pri:0, instance:SeleniumRealtime.testcases.Standalone_convertTest@6e9175d8]" name="purchaseOrder" class="SeleniumRealtime.testcases.Standalone_convertTest"/>
      </group> <!-- Errorvalidation -->
      <group name="multipledata">
        <method signature="Standalone_convertTest.purchaseOrder(java.util.HashMap)[pri:0, instance:SeleniumRealtime.testcases.Standalone_convertTest@6e9175d8]" name="purchaseOrder" class="SeleniumRealtime.testcases.Standalone_convertTest"/>
      </group> <!-- multipledata -->
    </groups>
    <test started-at="2025-02-19T16:09:25 IST" name="Errorvalidation" finished-at="2025-02-19T16:09:25 IST" duration-ms="30">
    </test> <!-- Errorvalidation -->
    <test started-at="2025-02-19T16:09:25 IST" name="Convertedcode" finished-at="2025-02-19T16:10:10 IST" duration-ms="45045">
      <class name="SeleniumRealtime.testcases.Standalone_convertTest">
        <test-method is-config="true" signature="launching_App()[pri:0, instance:SeleniumRealtime.testcases.Standalone_convertTest@6e9175d8]" started-at="2025-02-19T16:09:26 IST" name="launching_App" finished-at="2025-02-19T16:09:36 IST" duration-ms="10332" status="PASS">
          <reporter-output>
          </reporter-output>
        </test-method> <!-- launching_App -->
        <test-method signature="purchaseOrder(java.util.HashMap)[pri:0, instance:SeleniumRealtime.testcases.Standalone_convertTest@6e9175d8]" started-at="2025-02-19T16:09:36 IST" name="purchaseOrder" data-provider="getdata" finished-at="2025-02-19T16:09:52 IST" duration-ms="15165" status="PASS">
          <params>
            <param index="0">
              <value>
                <![CDATA[{productname=IPHONE 13 PRO, password=Welcome@123, email=antony@yopmail.com}]]>
              </value>
            </param>
          </params>
          <reporter-output>
          </reporter-output>
        </test-method> <!-- purchaseOrder -->
        <test-method is-config="true" signature="close()[pri:0, instance:SeleniumRealtime.testcases.Standalone_convertTest@6e9175d8]" started-at="2025-02-19T16:09:52 IST" name="close" finished-at="2025-02-19T16:09:52 IST" duration-ms="128" status="PASS">
          <reporter-output>
          </reporter-output>
        </test-method> <!-- close -->
        <test-method is-config="true" signature="launching_App()[pri:0, instance:SeleniumRealtime.testcases.Standalone_convertTest@6e9175d8]" started-at="2025-02-19T16:09:52 IST" name="launching_App" finished-at="2025-02-19T16:09:55 IST" duration-ms="3077" status="PASS">
          <reporter-output>
          </reporter-output>
        </test-method> <!-- launching_App -->
        <test-method signature="purchaseOrder(java.util.HashMap)[pri:0, instance:SeleniumRealtime.testcases.Standalone_convertTest@6e9175d8]" started-at="2025-02-19T16:09:55 IST" name="purchaseOrder" data-provider="getdata" finished-at="2025-02-19T16:10:10 IST" duration-ms="15262" status="PASS">
          <params>
            <param index="0">
              <value>
                <![CDATA[{productname=ADIDAS ORIGINAL, password=Welcome@123, email=josh@yopmail.com}]]>
              </value>
            </param>
          </params>
          <reporter-output>
          </reporter-output>
        </test-method> <!-- purchaseOrder -->
        <test-method is-config="true" signature="close()[pri:0, instance:SeleniumRealtime.testcases.Standalone_convertTest@6e9175d8]" started-at="2025-02-19T16:10:10 IST" name="close" finished-at="2025-02-19T16:10:10 IST" duration-ms="238" status="PASS">
          <reporter-output>
          </reporter-output>
        </test-method> <!-- close -->
      </class> <!-- SeleniumRealtime.testcases.Standalone_convertTest -->
    </test> <!-- Convertedcode -->
  </suite> <!-- Realtime -->
</testng-results>
