<?xml version="1.0" encoding="UTF-8"?>
<testng-results ignored="0" total="1" passed="1" failed="0" skipped="0">
  <reporter-output>
  </reporter-output>
  <suite started-at="2024-06-10T21:05:46 IST" name="Realtime" finished-at="2024-06-10T21:05:52 IST" duration-ms="6730">
    <groups>
      <group name="Errorvalidation">
        <method signature="Error_Validation_Test.logininvalid_Credencial()[pri:0, instance:SeleniumRealtime.testcases.Error_Validation_Test@402c4085]" name="logininvalid_Credencial" class="SeleniumRealtime.testcases.Error_Validation_Test"/>
      </group> <!-- Errorvalidation -->
    </groups>
    <test started-at="2024-06-10T21:05:46 IST" name="Convertedcode" finished-at="2024-06-10T21:05:46 IST" duration-ms="22">
    </test> <!-- Convertedcode -->
    <test started-at="2024-06-10T21:05:46 IST" name="Errorvalidation" finished-at="2024-06-10T21:05:52 IST" duration-ms="6730">
      <class name="SeleniumRealtime.testcases.Error_Validation_Test">
        <test-method is-config="true" signature="launching_App()[pri:0, instance:SeleniumRealtime.testcases.Error_Validation_Test@402c4085]" started-at="2024-06-10T21:05:46 IST" name="launching_App" finished-at="2024-06-10T21:05:51 IST" duration-ms="5061" status="PASS">
          <reporter-output>
          </reporter-output>
        </test-method> <!-- launching_App -->
        <test-method signature="logininvalid_Credencial()[pri:0, instance:SeleniumRealtime.testcases.Error_Validation_Test@402c4085]" started-at="2024-06-10T21:05:51 IST" name="logininvalid_Credencial" finished-at="2024-06-10T21:05:52 IST" duration-ms="1354" status="PASS">
          <reporter-output>
          </reporter-output>
        </test-method> <!-- logininvalid_Credencial -->
        <test-method is-config="true" signature="close()[pri:0, instance:SeleniumRealtime.testcases.Error_Validation_Test@402c4085]" started-at="2024-06-10T21:05:52 IST" name="close" finished-at="2024-06-10T21:05:52 IST" duration-ms="227" status="PASS">
          <reporter-output>
          </reporter-output>
        </test-method> <!-- close -->
      </class> <!-- SeleniumRealtime.testcases.Error_Validation_Test -->
    </test> <!-- Errorvalidation -->
  </suite> <!-- Realtime -->
</testng-results>
