<?xml version="1.0" encoding="UTF-8"?>
<testng-results ignored="0" total="3" passed="3" failed="0" skipped="0">
  <reporter-output>
  </reporter-output>
  <suite started-at="2024-06-15T02:43:30 IST" name="Default suite" finished-at="2024-06-15T02:44:05 IST" duration-ms="35015">
    <groups>
      <group name="Errorvalidation">
        <method signature="Standalone_convertTest.purchaseOrder(java.util.HashMap)[pri:0, instance:SeleniumRealtime.testcases.Standalone_convertTest@46cdf8bd]" name="purchaseOrder" class="SeleniumRealtime.testcases.Standalone_convertTest"/>
      </group> <!-- Errorvalidation -->
      <group name="multipledata">
        <method signature="Standalone_convertTest.purchaseOrder(java.util.HashMap)[pri:0, instance:SeleniumRealtime.testcases.Standalone_convertTest@46cdf8bd]" name="purchaseOrder" class="SeleniumRealtime.testcases.Standalone_convertTest"/>
      </group> <!-- multipledata -->
    </groups>
    <test started-at="2024-06-15T02:43:30 IST" name="Default test" finished-at="2024-06-15T02:44:05 IST" duration-ms="35015">
      <class name="SeleniumRealtime.testcases.Standalone_convertTest">
        <test-method is-config="true" signature="launching_App()[pri:0, instance:SeleniumRealtime.testcases.Standalone_convertTest@46cdf8bd]" started-at="2024-06-15T02:43:30 IST" name="launching_App" finished-at="2024-06-15T02:43:35 IST" duration-ms="5081" status="PASS">
          <reporter-output>
          </reporter-output>
        </test-method> <!-- launching_App -->
        <test-method signature="purchaseOrder(java.util.HashMap)[pri:0, instance:SeleniumRealtime.testcases.Standalone_convertTest@46cdf8bd]" started-at="2024-06-15T02:43:35 IST" name="purchaseOrder" data-provider="getdata" finished-at="2024-06-15T02:43:39 IST" duration-ms="3941" status="PASS">
          <params>
            <param index="0">
              <value>
                <![CDATA[{productname=IPHONE 13 PRO, password=Welcome@123, email=antony@yopmail.com}]]>
              </value>
            </param>
          </params>
          <reporter-output>
          </reporter-output>
        </test-method> <!-- purchaseOrder -->
        <test-method is-config="true" signature="close()[pri:0, instance:SeleniumRealtime.testcases.Standalone_convertTest@46cdf8bd]" started-at="2024-06-15T02:43:39 IST" name="close" finished-at="2024-06-15T02:43:40 IST" duration-ms="281" status="PASS">
          <reporter-output>
          </reporter-output>
        </test-method> <!-- close -->
        <test-method is-config="true" signature="launching_App()[pri:0, instance:SeleniumRealtime.testcases.Standalone_convertTest@46cdf8bd]" started-at="2024-06-15T02:43:40 IST" name="launching_App" finished-at="2024-06-15T02:43:44 IST" duration-ms="4941" status="PASS">
          <reporter-output>
          </reporter-output>
        </test-method> <!-- launching_App -->
        <test-method signature="purchaseOrder(java.util.HashMap)[pri:0, instance:SeleniumRealtime.testcases.Standalone_convertTest@46cdf8bd]" started-at="2024-06-15T02:43:44 IST" name="purchaseOrder" data-provider="getdata" finished-at="2024-06-15T02:44:00 IST" duration-ms="15504" status="PASS">
          <params>
            <param index="0">
              <value>
                <![CDATA[{productname=ADIDAS ORIGINAL, password=Welcome@123, email=josh@yopmail.com}]]>
              </value>
            </param>
          </params>
          <reporter-output>
          </reporter-output>
        </test-method> <!-- purchaseOrder -->
        <test-method is-config="true" signature="close()[pri:0, instance:SeleniumRealtime.testcases.Standalone_convertTest@46cdf8bd]" started-at="2024-06-15T02:44:00 IST" name="close" finished-at="2024-06-15T02:44:00 IST" duration-ms="187" status="PASS">
          <reporter-output>
          </reporter-output>
        </test-method> <!-- close -->
        <test-method is-config="true" signature="launching_App()[pri:0, instance:SeleniumRealtime.testcases.Standalone_convertTest@46cdf8bd]" started-at="2024-06-15T02:44:00 IST" name="launching_App" finished-at="2024-06-15T02:44:03 IST" duration-ms="3323" status="PASS">
          <reporter-output>
          </reporter-output>
        </test-method> <!-- launching_App -->
        <test-method signature="orderHistoryTest()[pri:0, instance:SeleniumRealtime.testcases.Standalone_convertTest@46cdf8bd]" started-at="2024-06-15T02:44:03 IST" name="orderHistoryTest" finished-at="2024-06-15T02:44:04 IST" depends-on-methods="SeleniumRealtime.testcases.Standalone_convertTest.purchaseOrder" duration-ms="1012" status="PASS">
          <reporter-output>
          </reporter-output>
        </test-method> <!-- orderHistoryTest -->
        <test-method is-config="true" signature="close()[pri:0, instance:SeleniumRealtime.testcases.Standalone_convertTest@46cdf8bd]" started-at="2024-06-15T02:44:04 IST" name="close" finished-at="2024-06-15T02:44:05 IST" duration-ms="233" status="PASS">
          <reporter-output>
          </reporter-output>
        </test-method> <!-- close -->
      </class> <!-- SeleniumRealtime.testcases.Standalone_convertTest -->
    </test> <!-- Default test -->
  </suite> <!-- Default suite -->
</testng-results>
