<?xml version="1.0" encoding="UTF-8"?>
<testng-results ignored="0" total="1" passed="1" failed="0" skipped="0">
  <reporter-output>
  </reporter-output>
  <suite started-at="2025-03-06T23:09:38 IST" name="Default suite" finished-at="2025-03-06T23:09:38 IST" duration-ms="122">
    <groups>
    </groups>
    <test started-at="2025-03-06T23:09:38 IST" name="Default test" finished-at="2025-03-06T23:09:38 IST" duration-ms="122">
      <class name="testng.com.Inheritance_2">
        <test-method is-config="true" signature="childmethod1()[pri:0, instance:testng.com.Inheritance_2@8f2ef19]" started-at="2025-03-06T23:09:38 IST" name="childmethod1" finished-at="2025-03-06T23:09:38 IST" duration-ms="13" status="PASS">
          <reporter-output>
          </reporter-output>
        </test-method> <!-- childmethod1 -->
        <test-method signature="childmethod()[pri:0, instance:testng.com.Inheritance_2@8f2ef19]" started-at="2025-03-06T23:09:38 IST" name="childmethod" finished-at="2025-03-06T23:09:38 IST" duration-ms="15" status="PASS">
          <reporter-output>
          </reporter-output>
        </test-method> <!-- childmethod -->
        <test-method is-config="true" signature="childmethod2()[pri:0, instance:testng.com.Inheritance_2@8f2ef19]" started-at="2025-03-06T23:09:38 IST" name="childmethod2" finished-at="2025-03-06T23:09:38 IST" duration-ms="1" status="PASS">
          <reporter-output>
          </reporter-output>
        </test-method> <!-- childmethod2 -->
      </class> <!-- testng.com.Inheritance_2 -->
    </test> <!-- Default test -->
  </suite> <!-- Default suite -->
</testng-results>
