<?xml version="1.0" encoding="UTF-8"?>
<!-- Generated by org.testng.reporters.JUnitXMLReporter -->
<testsuite ignored="1" hostname="ACW-Lap-031" failures="0" tests="3" name="Default test" time="0.134" errors="0" timestamp="2025-02-25T00:02:49 IST">
  <testcase classname="testng.com.Day_2" name="mobilelogin" time="0.015"/>
  <testcase classname="testng.com.Day_2" name="mobilelogin2" time="0.011"/>
  <testcase classname="testng.com.Day_2" name="weblogin" time="0.004"/>
  <testcase classname="testng.com.Day_2" name="enabledmethod" time="0.0">
    <ignored/>
  </testcase> <!-- enabledmethod -->
</testsuite> <!-- Default test -->
