<?xml version="1.0" encoding="UTF-8"?>
<!-- Generated by org.testng.reporters.JUnitXMLReporter -->
<testsuite ignored="0" hostname="ACW-Lap-031" failures="0" tests="3" name="Default test" time="0.157" errors="0" timestamp="2024-09-27T12:48:19 IST">
  <testcase classname="Final.Parameterization" name="multipletc" time="0.015"/>
  <testcase classname="Final.Parameterization" name="multipletc" time="0.007"/>
  <testcase classname="Final.Parameterization" name="multipletc" time="0.007"/>
</testsuite> <!-- Default test -->
