<?xml version="1.0" encoding="UTF-8"?>
<!-- Generated by org.testng.reporters.JUnitXMLReporter -->
<testsuite ignored="0" hostname="ACW-Lap-031" failures="0" tests="3" name="Default test" time="0.247" errors="0" timestamp="2025-02-21T00:33:17 IST">
  <testcase classname="practice.com.ExcelDataProvider" name="testdata" time="0.015"/>
  <testcase classname="practice.com.ExcelDataProvider" name="testdata" time="0.005"/>
  <testcase classname="practice.com.ExcelDataProvider" name="testdata" time="0.009"/>
</testsuite> <!-- Default test -->
