<?xml version="1.0" encoding="UTF-8"?>
<!-- Generated by org.testng.reporters.JUnitXMLReporter -->
<testsuite ignored="0" hostname="ACW-Lap-031" failures="0" tests="3" name="Default test" time="0.161" errors="0" timestamp="2025-02-25T00:06:28 IST">
  <testcase classname="annotations.Annotations1" name="firsttest" time="0.013"/>
  <testcase classname="annotations.Annotations1" name="secondtest" time="0.006"/>
  <testcase classname="annotations.Annotations1" name="thirdtest" time="0.005"/>
</testsuite> <!-- Default test -->
