<?xml version="1.0" encoding="UTF-8"?>
<testng-results ignored="0" total="3" passed="3" failed="0" skipped="0">
  <reporter-output>
  </reporter-output>
  <suite started-at="2025-01-20T15:23:03 IST" name="Default suite" finished-at="2025-01-20T15:23:03 IST" duration-ms="196">
    <groups>
    </groups>
    <test started-at="2025-01-20T15:23:03 IST" name="Default test" finished-at="2025-01-20T15:23:03 IST" duration-ms="196">
      <class name="testng.com.Day_2">
        <test-method signature="mobilelogin()[pri:0, instance:testng.com.Day_2@6d4d66d2]" started-at="2025-01-20T15:23:03 IST" name="mobilelogin" finished-at="2025-01-20T15:23:03 IST" duration-ms="28" status="PASS">
          <reporter-output>
          </reporter-output>
        </test-method> <!-- mobilelogin -->
        <test-method signature="mobilelogin2()[pri:0, instance:testng.com.Day_2@6d4d66d2]" started-at="2025-01-20T15:23:03 IST" name="mobilelogin2" finished-at="2025-01-20T15:23:03 IST" duration-ms="7" status="PASS">
          <reporter-output>
          </reporter-output>
        </test-method> <!-- mobilelogin2 -->
        <test-method signature="weblogin()[pri:0, instance:testng.com.Day_2@6d4d66d2]" started-at="2025-01-20T15:23:03 IST" name="weblogin" finished-at="2025-01-20T15:23:03 IST" duration-ms="1" status="PASS">
          <reporter-output>
          </reporter-output>
        </test-method> <!-- weblogin -->
      </class> <!-- testng.com.Day_2 -->
    </test> <!-- Default test -->
  </suite> <!-- Default suite -->
</testng-results>
