<?xml version="1.0" encoding="UTF-8"?>
<!-- Generated by org.testng.reporters.JUnitXMLReporter -->
<testsuite ignored="0" hostname="ACW-Lap-031" failures="0" tests="3" name="Parameter" time="0.111" errors="0" timestamp="2024-06-15T01:48:58 IST">
  <testcase classname="Final.Parameterization" name="multipletc" time="0.008"/>
  <testcase classname="Final.Parameterization" name="multipletc" time="0.003"/>
  <testcase classname="Final.Parameterization" name="multipletc" time="0.003"/>
</testsuite> <!-- Parameter -->
