<?xml version="1.0" encoding="UTF-8"?>
<!-- Generated by org.testng.reporters.JUnitXMLReporter -->
<testsuite ignored="0" hostname="ACW-Lap-031" failures="0" tests="4" name="Tickets and Review" time="0.102" errors="0" timestamp="2024-06-15T01:47:14 IST">
  <testcase classname="Final.Tickets" name="createticket" time="0.008"/>
  <testcase classname="Final.Tickets" name="editticket" time="0.007"/>
  <testcase classname="Final.Review" name="deleteReview" time="0.006"/>
  <testcase classname="Final.Review" name="sendreview" time="0.005"/>
</testsuite> <!-- Tickets and Review -->
