<?xml version="1.0" encoding="UTF-8"?>
<!-- Generated by org.testng.reporters.JUnitXMLReporter -->
<testsuite ignored="0" hostname="ACW-Lap-031" failures="0" tests="6" name="Users and hotels" time="0.196" errors="0" timestamp="2024-06-15T01:47:14 IST">
  <testcase classname="Final.Hotels" name="addHotels" time="0.008"/>
  <testcase classname="Final.Hotels" name="editHotels" time="0.002"/>
  <testcase classname="Final.Hotels" name="viewHotels" time="0.001"/>
  <testcase classname="Final.Users" name="addUsers" time="0.003"/>
  <testcase classname="Final.Users" name="editUsers" time="0.039"/>
  <testcase classname="Final.Users" name="viewUsers" time="0.006"/>
</testsuite> <!-- Users and hotels -->
