<?xml version="1.0" encoding="UTF-8"?>
<testng-results ignored="0" total="3" passed="3" failed="0" skipped="0">
  <reporter-output>
  </reporter-output>
  <suite started-at="2025-02-25T00:06:27 IST" name="Default suite" finished-at="2025-02-25T00:06:28 IST" duration-ms="161">
    <groups>
    </groups>
    <test started-at="2025-02-25T00:06:27 IST" name="Default test" finished-at="2025-02-25T00:06:28 IST" duration-ms="161">
      <class name="annotations.Annotations1">
        <test-method is-config="true" signature="beforesuite()[pri:0, instance:annotations.Annotations1@48075da3]" started-at="2025-02-25T00:06:27 IST" name="beforesuite" finished-at="2025-02-25T00:06:27 IST" duration-ms="19" status="PASS">
          <reporter-output>
          </reporter-output>
        </test-method> <!-- beforesuite -->
        <test-method is-config="true" signature="beforetest()[pri:0, instance:annotations.Annotations1@48075da3]" started-at="2025-02-25T00:06:27 IST" name="beforetest" finished-at="2025-02-25T00:06:27 IST" duration-ms="8" status="PASS">
          <reporter-output>
          </reporter-output>
        </test-method> <!-- beforetest -->
        <test-method is-config="true" signature="beforeclass()[pri:0, instance:annotations.Annotations1@48075da3]" started-at="2025-02-25T00:06:27 IST" name="beforeclass" finished-at="2025-02-25T00:06:27 IST" duration-ms="2" status="PASS">
          <reporter-output>
          </reporter-output>
        </test-method> <!-- beforeclass -->
        <test-method is-config="true" signature="beforemethod()[pri:0, instance:annotations.Annotations1@48075da3]" started-at="2025-02-25T00:06:27 IST" name="beforemethod" finished-at="2025-02-25T00:06:27 IST" duration-ms="3" status="PASS">
          <reporter-output>
          </reporter-output>
        </test-method> <!-- beforemethod -->
        <test-method signature="firsttest()[pri:0, instance:annotations.Annotations1@48075da3]" started-at="2025-02-25T00:06:27 IST" name="firsttest" finished-at="2025-02-25T00:06:27 IST" duration-ms="13" status="PASS">
          <reporter-output>
          </reporter-output>
        </test-method> <!-- firsttest -->
        <test-method is-config="true" signature="Aftermethod()[pri:0, instance:annotations.Annotations1@48075da3]" started-at="2025-02-25T00:06:27 IST" name="Aftermethod" finished-at="2025-02-25T00:06:27 IST" duration-ms="1" status="PASS">
          <reporter-output>
          </reporter-output>
        </test-method> <!-- Aftermethod -->
        <test-method is-config="true" signature="beforemethod()[pri:0, instance:annotations.Annotations1@48075da3]" started-at="2025-02-25T00:06:28 IST" name="beforemethod" finished-at="2025-02-25T00:06:28 IST" duration-ms="3" status="PASS">
          <reporter-output>
          </reporter-output>
        </test-method> <!-- beforemethod -->
        <test-method signature="secondtest()[pri:0, instance:annotations.Annotations1@48075da3]" started-at="2025-02-25T00:06:28 IST" name="secondtest" finished-at="2025-02-25T00:06:28 IST" duration-ms="6" status="PASS">
          <reporter-output>
          </reporter-output>
        </test-method> <!-- secondtest -->
        <test-method is-config="true" signature="Aftermethod()[pri:0, instance:annotations.Annotations1@48075da3]" started-at="2025-02-25T00:06:28 IST" name="Aftermethod" finished-at="2025-02-25T00:06:28 IST" duration-ms="2" status="PASS">
          <reporter-output>
          </reporter-output>
        </test-method> <!-- Aftermethod -->
        <test-method is-config="true" signature="beforemethod()[pri:0, instance:annotations.Annotations1@48075da3]" started-at="2025-02-25T00:06:28 IST" name="beforemethod" finished-at="2025-02-25T00:06:28 IST" duration-ms="1" status="PASS">
          <reporter-output>
          </reporter-output>
        </test-method> <!-- beforemethod -->
        <test-method signature="thirdtest()[pri:0, instance:annotations.Annotations1@48075da3]" started-at="2025-02-25T00:06:28 IST" name="thirdtest" finished-at="2025-02-25T00:06:28 IST" duration-ms="5" status="PASS">
          <reporter-output>
          </reporter-output>
        </test-method> <!-- thirdtest -->
        <test-method is-config="true" signature="Aftermethod()[pri:0, instance:annotations.Annotations1@48075da3]" started-at="2025-02-25T00:06:28 IST" name="Aftermethod" finished-at="2025-02-25T00:06:28 IST" duration-ms="3" status="PASS">
          <reporter-output>
          </reporter-output>
        </test-method> <!-- Aftermethod -->
        <test-method is-config="true" signature="Afterclass()[pri:0, instance:annotations.Annotations1@48075da3]" started-at="2025-02-25T00:06:28 IST" name="Afterclass" finished-at="2025-02-25T00:06:28 IST" duration-ms="1" status="PASS">
          <reporter-output>
          </reporter-output>
        </test-method> <!-- Afterclass -->
        <test-method is-config="true" signature="aftertest()[pri:0, instance:annotations.Annotations1@48075da3]" started-at="2025-02-25T00:06:28 IST" name="aftertest" finished-at="2025-02-25T00:06:28 IST" duration-ms="1" status="PASS">
          <reporter-output>
          </reporter-output>
        </test-method> <!-- aftertest -->
        <test-method is-config="true" signature="aftersuite()[pri:0, instance:annotations.Annotations1@48075da3]" started-at="2025-02-25T00:06:28 IST" name="aftersuite" finished-at="2025-02-25T00:06:28 IST" duration-ms="1" status="PASS">
          <reporter-output>
          </reporter-output>
        </test-method> <!-- aftersuite -->
      </class> <!-- annotations.Annotations1 -->
    </test> <!-- Default test -->
  </suite> <!-- Default suite -->
</testng-results>
