<?xml version="1.0" encoding="UTF-8"?>
<testng-results ignored="0" total="1" passed="1" failed="0" skipped="0">
  <reporter-output>
  </reporter-output>
  <suite started-at="2025-01-20T15:13:08 IST" name="Default suite" finished-at="2025-01-20T15:13:08 IST" duration-ms="194">
    <groups>
      <group name="Name">
        <method signature="Annotation2.firsttest2()[pri:0, instance:annotations.Annotation2@242b836]" name="firsttest2" class="annotations.Annotation2"/>
      </group> <!-- Name -->
    </groups>
    <test started-at="2025-01-20T15:13:08 IST" name="Default test" finished-at="2025-01-20T15:13:08 IST" duration-ms="194">
      <class name="annotations.Annotation2">
        <test-method is-config="true" signature="beforetest2()[pri:0, instance:annotations.Annotation2@242b836]" started-at="2025-01-20T15:13:08 IST" name="beforetest2" finished-at="2025-01-20T15:13:08 IST" duration-ms="22" status="PASS">
          <reporter-output>
          </reporter-output>
        </test-method> <!-- beforetest2 -->
        <test-method is-config="true" signature="beforeclass2()[pri:0, instance:annotations.Annotation2@242b836]" started-at="2025-01-20T15:13:08 IST" name="beforeclass2" finished-at="2025-01-20T15:13:08 IST" duration-ms="1" status="PASS">
          <reporter-output>
          </reporter-output>
        </test-method> <!-- beforeclass2 -->
        <test-method signature="firsttest2()[pri:0, instance:annotations.Annotation2@242b836]" started-at="2025-01-20T15:13:08 IST" name="firsttest2" finished-at="2025-01-20T15:13:08 IST" duration-ms="15" status="PASS">
          <reporter-output>
          </reporter-output>
        </test-method> <!-- firsttest2 -->
        <test-method is-config="true" signature="Afterclass2()[pri:0, instance:annotations.Annotation2@242b836]" started-at="2025-01-20T15:13:08 IST" name="Afterclass2" finished-at="2025-01-20T15:13:08 IST" duration-ms="3" status="PASS">
          <reporter-output>
          </reporter-output>
        </test-method> <!-- Afterclass2 -->
        <test-method is-config="true" signature="aftertest2()[pri:0, instance:annotations.Annotation2@242b836]" started-at="2025-01-20T15:13:08 IST" name="aftertest2" finished-at="2025-01-20T15:13:08 IST" duration-ms="3" status="PASS">
          <reporter-output>
          </reporter-output>
        </test-method> <!-- aftertest2 -->
        <test-method is-config="true" signature="aftersuite2()[pri:0, instance:annotations.Annotation2@242b836]" started-at="2025-01-20T15:13:08 IST" name="aftersuite2" finished-at="2025-01-20T15:13:08 IST" duration-ms="3" status="PASS">
          <reporter-output>
          </reporter-output>
        </test-method> <!-- aftersuite2 -->
      </class> <!-- annotations.Annotation2 -->
    </test> <!-- Default test -->
  </suite> <!-- Default suite -->
</testng-results>
