<?xml version="1.0" encoding="UTF-8"?>
<!-- Generated by org.testng.reporters.JUnitXMLReporter -->
<testsuite ignored="1" hostname="ACW-Lap-031" failures="0" tests="3" name="Hotels" time="0.039" errors="0" timestamp="2024-02-19T19:12:15 IST">
  <testcase classname="testng.com.Day4" name="addHotel" time="0.004"/>
  <testcase classname="testng.com.Day4" name="editHotel" time="0.006"/>
  <testcase classname="testng.com.Day4" name="viewHotel" time="0.005"/>
  <testcase classname="testng.com.Day4" name="deletehotel" time="0.0">
    <ignored/>
  </testcase> <!-- deletehotel -->
</testsuite> <!-- Hotels -->
