<?xml version="1.0" encoding="UTF-8"?>
<!-- Generated by org.testng.reporters.JUnitXMLReporter -->
<testsuite ignored="0" hostname="ACW-Lap-031" failures="0" tests="3" name="Default test" time="48.041" errors="0" timestamp="2024-09-02T11:31:18 IST">
  <testcase classname="framework.Testcase.PurchaseOrder" name="purchaseOrder" time="16.672"/>
  <testcase classname="framework.Testcase.PurchaseOrder" name="purchaseOrder" time="15.222"/>
  <testcase classname="framework.Testcase.PurchaseOrder" name="orderHistoryTest" time="1.164"/>
</testsuite> <!-- Default test -->
