<?xml version="1.0" encoding="UTF-8"?>
<!-- Generated by org.testng.reporters.JUnitXMLReporter -->
<testsuite ignored="0" hostname="ACW-Lap-031" failures="0" tests="3" name="Convertedcode" time="51.071" errors="0" timestamp="2024-06-15T02:39:52 IST">
  <testcase classname="SeleniumRealtime.testcases.Standalone_convertTest" name="purchaseOrder" time="16.049"/>
  <testcase classname="SeleniumRealtime.testcases.Standalone_convertTest" name="purchaseOrder" time="15.263"/>
  <testcase classname="SeleniumRealtime.testcases.Standalone_convertTest" name="orderHistoryTest" time="1.32"/>
</testsuite> <!-- Convertedcode -->
