<?xml version="1.0" encoding="UTF-8"?>
<!-- Generated by org.testng.reporters.JUnitXMLReporter -->
<testsuite ignored="2" hostname="ACW-Lap-031" failures="0" tests="0" time="0.022" errors="0" timestamp="2024-06-10T21:05:46 IST">
  <testcase classname="SeleniumRealtime.testcases.Standalone_convertTest" name="convertedcode" time="0.0">
    <ignored/>
  </testcase> <!-- convertedcode -->
  <testcase classname="SeleniumRealtime.testcases.Standalone_convertTest" name="orderHistoryTest" time="0.0">
    <ignored/>
  </testcase> <!-- orderHistoryTest -->
</testsuite>
