<?xml version="1.0" encoding="UTF-8"?>
<!-- Generated by org.testng.reporters.JUnitXMLReporter -->
<testsuite ignored="1" hostname="ACW-Lap-031" failures="0" tests="2" name="Convertedcode" time="24.07" errors="0" timestamp="2024-06-12T01:22:28 IST">
  <testcase classname="SeleniumRealtime.testcases.Standalone_convertTest" name="convertedcode" time="4.302"/>
  <testcase classname="SeleniumRealtime.testcases.Standalone_convertTest" name="convertedcode" time="4.659"/>
  <testcase classname="SeleniumRealtime.testcases.Standalone_convertTest" name="orderHistoryTest" time="0.0">
    <ignored/>
  </testcase> <!-- orderHistoryTest -->
</testsuite> <!-- Convertedcode -->
