<?xml version="1.0" encoding="UTF-8"?>
<!-- Generated by org.testng.reporters.JUnitXMLReporter -->
<testsuite ignored="0" hostname="ACW-Lap-031" failures="0" tests="3" name="Convertedcode" time="47.257" errors="0" timestamp="2024-06-25T00:34:10 IST">
  <testcase classname="SeleniumRealtime.testcases.Standalone_convertTest" name="purchaseOrder" time="15.973"/>
  <testcase classname="SeleniumRealtime.testcases.Standalone_convertTest" name="purchaseOrder" time="15.198"/>
  <testcase classname="SeleniumRealtime.testcases.Standalone_convertTest" name="orderHistoryTest" time="1.023"/>
</testsuite> <!-- Convertedcode -->
