<?xml version="1.0" encoding="UTF-8"?>
<!-- Generated by org.testng.reporters.JUnitXMLReporter -->
<testsuite ignored="2" hostname="ACW-Lap-031" failures="0" tests="0" time="0.03" errors="0" timestamp="2025-02-19T16:09:25 IST">
  <testcase classname="SeleniumRealtime.testcases.Error_Validation_Test" name="productErrorValidation" time="0.0">
    <ignored/>
  </testcase> <!-- productErrorValidation -->
  <testcase classname="SeleniumRealtime.testcases.Error_Validation_Test" name="logininvalid_Credencial" time="0.0">
    <ignored/>
  </testcase> <!-- logininvalid_Credencial -->
</testsuite>
