<?xml version="1.0" encoding="UTF-8"?>
<!-- Generated by org.testng.reporters.JUnitXMLReporter -->
<testsuite ignored="0" hostname="ACW-Lap-031" failures="0" tests="2" name="Errorvalidation" time="27.77" errors="0" timestamp="2024-06-15T02:39:29 IST">
  <testcase classname="SeleniumRealtime.testcases.Error_Validation_Test" name="logininvalid_Credencial" time="1.096"/>
  <testcase classname="SeleniumRealtime.testcases.Error_Validation_Test" name="productErrorValidation" time="14.43"/>
</testsuite> <!-- Errorvalidation -->
