<?xml version="1.0" encoding="UTF-8"?>
<!-- Generated by org.testng.reporters.JUnitXMLReporter -->
<testsuite ignored="1" hostname="ACW-Lap-031" failures="0" tests="1" name="Errorvalidation" time="6.73" errors="0" timestamp="2024-06-10T21:05:52 IST">
  <testcase classname="SeleniumRealtime.testcases.Error_Validation_Test" name="logininvalid_Credencial" time="1.354"/>
  <testcase classname="SeleniumRealtime.testcases.Error_Validation_Test" name="productErrorValidation" time="0.0">
    <ignored/>
  </testcase> <!-- productErrorValidation -->
</testsuite> <!-- Errorvalidation -->
