<?xml version="1.0" encoding="UTF-8"?>
<testng-results ignored="0" total="1" passed="1" failed="0" skipped="0">
  <reporter-output>
  </reporter-output>
  <suite started-at="2025-05-29T10:10:46 IST" name="Default suite" finished-at="2025-05-29T10:11:09 IST" duration-ms="23487">
    <groups>
    </groups>
    <test started-at="2025-05-29T10:10:46 IST" name="Default test" finished-at="2025-05-29T10:11:09 IST" duration-ms="23487">
      <class name="reports.ExtentReports.Extent_Reports">
        <test-method is-config="true" signature="config_ER()[pri:0, instance:reports.ExtentReports.Extent_Reports@411f53a0]" started-at="2025-05-29T10:10:46 IST" name="config_ER" finished-at="2025-05-29T10:10:46 IST" duration-ms="559" status="PASS">
          <reporter-output>
          </reporter-output>
        </test-method> <!-- config_ER -->
        <test-method signature="reportsDemo()[pri:0, instance:reports.ExtentReports.Extent_Reports@411f53a0]" started-at="2025-05-29T10:10:46 IST" name="reportsDemo" finished-at="2025-05-29T10:11:09 IST" duration-ms="22842" status="PASS">
          <reporter-output>
          </reporter-output>
        </test-method> <!-- reportsDemo -->
      </class> <!-- reports.ExtentReports.Extent_Reports -->
    </test> <!-- Default test -->
  </suite> <!-- Default suite -->
</testng-results>
