<?xml version="1.0" encoding="UTF-8"?>
<testng-results ignored="0" total="3" passed="3" failed="0" skipped="0">
  <reporter-output>
  </reporter-output>
  <suite started-at="2025-02-21T00:33:17 IST" name="Default suite" finished-at="2025-02-21T00:33:17 IST" duration-ms="247">
    <groups>
    </groups>
    <test started-at="2025-02-21T00:33:17 IST" name="Default test" finished-at="2025-02-21T00:33:17 IST" duration-ms="247">
      <class name="practice.com.ExcelDataProvider">
        <test-method signature="testdata(java.lang.String,java.lang.String,int)[pri:0, instance:practice.com.ExcelDataProvider@2a7f1f10]" started-at="2025-02-21T00:33:17 IST" name="testdata" data-provider="getdata" finished-at="2025-02-21T00:33:17 IST" duration-ms="15" status="PASS">
          <params>
            <param index="0">
              <value>
                <![CDATA[Antony]]>
              </value>
            </param>
            <param index="1">
              <value>
                <![CDATA[Joshua]]>
              </value>
            </param>
            <param index="2">
              <value>
                <![CDATA[1]]>
              </value>
            </param>
          </params>
          <reporter-output>
          </reporter-output>
        </test-method> <!-- testdata -->
        <test-method signature="testdata(java.lang.String,java.lang.String,int)[pri:0, instance:practice.com.ExcelDataProvider@2a7f1f10]" started-at="2025-02-21T00:33:17 IST" name="testdata" data-provider="getdata" finished-at="2025-02-21T00:33:17 IST" duration-ms="5" status="PASS">
          <params>
            <param index="0">
              <value>
                <![CDATA[Antony]]>
              </value>
            </param>
            <param index="1">
              <value>
                <![CDATA[Joshua]]>
              </value>
            </param>
            <param index="2">
              <value>
                <![CDATA[2]]>
              </value>
            </param>
          </params>
          <reporter-output>
          </reporter-output>
        </test-method> <!-- testdata -->
        <test-method signature="testdata(java.lang.String,java.lang.String,int)[pri:0, instance:practice.com.ExcelDataProvider@2a7f1f10]" started-at="2025-02-21T00:33:17 IST" name="testdata" data-provider="getdata" finished-at="2025-02-21T00:33:17 IST" duration-ms="9" status="PASS">
          <params>
            <param index="0">
              <value>
                <![CDATA[Antony]]>
              </value>
            </param>
            <param index="1">
              <value>
                <![CDATA[Joshua]]>
              </value>
            </param>
            <param index="2">
              <value>
                <![CDATA[3]]>
              </value>
            </param>
          </params>
          <reporter-output>
          </reporter-output>
        </test-method> <!-- testdata -->
      </class> <!-- practice.com.ExcelDataProvider -->
    </test> <!-- Default test -->
  </suite> <!-- Default suite -->
</testng-results>
