<?xml version="1.0" encoding="UTF-8"?>
<testng-results ignored="0" total="1" passed="1" failed="0" skipped="0">
  <reporter-output>
  </reporter-output>
  <suite started-at="2025-03-04T23:55:05 IST" name="Default suite" finished-at="2025-03-04T23:55:06 IST" duration-ms="1314">
    <groups>
    </groups>
    <test started-at="2025-03-04T23:55:05 IST" name="Default test" finished-at="2025-03-04T23:55:06 IST" duration-ms="1314">
      <class name="ExcelDataprovider.ExDD">
        <test-method signature="getdata()[pri:0, instance:ExcelDataprovider.ExDD@2794eab6]" started-at="2025-03-04T23:55:05 IST" name="getdata" finished-at="2025-03-04T23:55:06 IST" duration-ms="1236" status="PASS">
          <reporter-output>
          </reporter-output>
        </test-method> <!-- getdata -->
      </class> <!-- ExcelDataprovider.ExDD -->
    </test> <!-- Default test -->
  </suite> <!-- Default suite -->
</testng-results>
