<?xml version="1.0" encoding="UTF-8"?>
<!-- Generated by org.testng.reporters.JUnitXMLReporter -->
<testsuite ignored="2" hostname="DESKTOP-492EQ5S" failures="0" tests="0" time="0.018" errors="0" timestamp="2026-03-30T19:38:29 IST">
  <testcase classname="SeleniumRealtime.testcases.Error_Validation_Test" name="logininvalid_Credencial" time="0.0">
    <ignored/>
  </testcase> <!-- logininvalid_Credencial -->
  <testcase classname="SeleniumRealtime.testcases.Error_Validation_Test" name="productErrorValidation" time="0.0">
    <ignored/>
  </testcase> <!-- productErrorValidation -->
</testsuite>
