<?xml version="1.0" encoding="UTF-8"?>
<testng-results ignored="0" total="3" passed="3" failed="0" skipped="0">
  <reporter-output>
  </reporter-output>
  <suite started-at="2025-02-25T00:05:50 IST" name="Default suite" finished-at="2025-02-25T00:05:50 IST" duration-ms="164">
    <groups>
      <group name="Editing">
        <method signature="Hotels.editHotels()[pri:0, instance:Final.Hotels@909217e]" name="editHotels" class="Final.Hotels"/>
      </group> <!-- Editing -->
    </groups>
    <test started-at="2025-02-25T00:05:50 IST" name="Default test" finished-at="2025-02-25T00:05:50 IST" duration-ms="164">
      <class name="Final.Hotels">
        <test-method is-config="true" signature="firstoutput()[pri:0, instance:Final.Hotels@909217e]" started-at="2025-02-25T00:05:50 IST" name="firstoutput" finished-at="2025-02-25T00:05:50 IST" duration-ms="33" status="PASS">
          <reporter-output>
          </reporter-output>
        </test-method> <!-- firstoutput -->
        <test-method is-config="true" signature="firsttest()[pri:0, instance:Final.Hotels@909217e]" started-at="2025-02-25T00:05:50 IST" name="firsttest" finished-at="2025-02-25T00:05:50 IST" duration-ms="3" status="PASS">
          <reporter-output>
          </reporter-output>
        </test-method> <!-- firsttest -->
        <test-method is-config="true" signature="firstclass()[pri:0, instance:Final.Hotels@909217e]" started-at="2025-02-25T00:05:50 IST" name="firstclass" finished-at="2025-02-25T00:05:50 IST" duration-ms="1" status="PASS">
          <reporter-output>
          </reporter-output>
        </test-method> <!-- firstclass -->
        <test-method is-config="true" signature="firstbeforemethod()[pri:0, instance:Final.Hotels@909217e]" started-at="2025-02-25T00:05:50 IST" name="firstbeforemethod" finished-at="2025-02-25T00:05:50 IST" duration-ms="1" status="PASS">
          <reporter-output>
          </reporter-output>
        </test-method> <!-- firstbeforemethod -->
        <test-method signature="addHotels()[pri:0, instance:Final.Hotels@909217e]" started-at="2025-02-25T00:05:50 IST" name="addHotels" finished-at="2025-02-25T00:05:50 IST" duration-ms="14" status="PASS">
          <reporter-output>
          </reporter-output>
        </test-method> <!-- addHotels -->
        <test-method is-config="true" signature="firstAftermethod()[pri:0, instance:Final.Hotels@909217e]" started-at="2025-02-25T00:05:50 IST" name="firstAftermethod" finished-at="2025-02-25T00:05:50 IST" duration-ms="0" status="PASS">
          <reporter-output>
          </reporter-output>
        </test-method> <!-- firstAftermethod -->
        <test-method is-config="true" signature="firstbeforemethod()[pri:0, instance:Final.Hotels@909217e]" started-at="2025-02-25T00:05:50 IST" name="firstbeforemethod" finished-at="2025-02-25T00:05:50 IST" duration-ms="2" status="PASS">
          <reporter-output>
          </reporter-output>
        </test-method> <!-- firstbeforemethod -->
        <test-method signature="editHotels()[pri:0, instance:Final.Hotels@909217e]" started-at="2025-02-25T00:05:50 IST" name="editHotels" finished-at="2025-02-25T00:05:50 IST" duration-ms="6" status="PASS">
          <reporter-output>
          </reporter-output>
        </test-method> <!-- editHotels -->
        <test-method is-config="true" signature="firstAftermethod()[pri:0, instance:Final.Hotels@909217e]" started-at="2025-02-25T00:05:50 IST" name="firstAftermethod" finished-at="2025-02-25T00:05:50 IST" duration-ms="1" status="PASS">
          <reporter-output>
          </reporter-output>
        </test-method> <!-- firstAftermethod -->
        <test-method is-config="true" signature="firstbeforemethod()[pri:0, instance:Final.Hotels@909217e]" started-at="2025-02-25T00:05:50 IST" name="firstbeforemethod" finished-at="2025-02-25T00:05:50 IST" duration-ms="1" status="PASS">
          <reporter-output>
          </reporter-output>
        </test-method> <!-- firstbeforemethod -->
        <test-method signature="viewHotels()[pri:0, instance:Final.Hotels@909217e]" started-at="2025-02-25T00:05:50 IST" name="viewHotels" finished-at="2025-02-25T00:05:50 IST" duration-ms="4" status="PASS">
          <reporter-output>
          </reporter-output>
        </test-method> <!-- viewHotels -->
        <test-method is-config="true" signature="firstAftermethod()[pri:0, instance:Final.Hotels@909217e]" started-at="2025-02-25T00:05:50 IST" name="firstAftermethod" finished-at="2025-02-25T00:05:50 IST" duration-ms="1" status="PASS">
          <reporter-output>
          </reporter-output>
        </test-method> <!-- firstAftermethod -->
        <test-method is-config="true" signature="firstafterclass()[pri:0, instance:Final.Hotels@909217e]" started-at="2025-02-25T00:05:50 IST" name="firstafterclass" finished-at="2025-02-25T00:05:50 IST" duration-ms="0" status="PASS">
          <reporter-output>
          </reporter-output>
        </test-method> <!-- firstafterclass -->
      </class> <!-- Final.Hotels -->
    </test> <!-- Default test -->
  </suite> <!-- Default suite -->
</testng-results>
