<?xml version="1.0" encoding="UTF-8"?>
<testng-results ignored="0" total="3" passed="3" failed="0" skipped="0">
  <reporter-output>
  </reporter-output>
  <suite started-at="2024-06-15T01:48:58 IST" name="Myhotelai" finished-at="2024-06-15T01:48:58 IST" duration-ms="111">
    <groups>
    </groups>
    <test started-at="2024-06-15T01:48:58 IST" name="Parameter" finished-at="2024-06-15T01:48:58 IST" duration-ms="111">
      <class name="Final.Parameterization">
        <test-method is-config="true" signature="checkclass()[pri:0, instance:Final.Parameterization@5824a83d]" started-at="2024-06-15T01:48:58 IST" name="checkclass" finished-at="2024-06-15T01:48:58 IST" duration-ms="13" status="PASS">
          <reporter-output>
          </reporter-output>
        </test-method> <!-- checkclass -->
        <test-method is-config="true" signature="check(java.lang.String,java.lang.String)[pri:0, instance:Final.Parameterization@5824a83d]" started-at="2024-06-15T01:48:58 IST" name="check" finished-at="2024-06-15T01:48:58 IST" duration-ms="2" status="PASS">
          <params>
            <param index="0">
              <value>
                <![CDATA[Antonyjoshua@yopmail.com]]>
              </value>
            </param>
            <param index="1">
              <value>
                <![CDATA[mercy@yopmail.com]]>
              </value>
            </param>
          </params>
          <reporter-output>
          </reporter-output>
        </test-method> <!-- check -->
        <test-method signature="multipletc(java.lang.String,java.lang.String)[pri:0, instance:Final.Parameterization@5824a83d]" started-at="2024-06-15T01:48:58 IST" name="multipletc" data-provider="getdata" finished-at="2024-06-15T01:48:58 IST" duration-ms="8" status="PASS">
          <params>
            <param index="0">
              <value>
                <![CDATA[Antony]]>
              </value>
            </param>
            <param index="1">
              <value>
                <![CDATA[welcome@123]]>
              </value>
            </param>
          </params>
          <reporter-output>
          </reporter-output>
        </test-method> <!-- multipletc -->
        <test-method is-config="true" signature="check(java.lang.String,java.lang.String)[pri:0, instance:Final.Parameterization@5824a83d]" started-at="2024-06-15T01:48:58 IST" name="check" finished-at="2024-06-15T01:48:58 IST" duration-ms="2" status="PASS">
          <params>
            <param index="0">
              <value>
                <![CDATA[Antonyjoshua@yopmail.com]]>
              </value>
            </param>
            <param index="1">
              <value>
                <![CDATA[mercy@yopmail.com]]>
              </value>
            </param>
          </params>
          <reporter-output>
          </reporter-output>
        </test-method> <!-- check -->
        <test-method signature="multipletc(java.lang.String,java.lang.String)[pri:0, instance:Final.Parameterization@5824a83d]" started-at="2024-06-15T01:48:58 IST" name="multipletc" data-provider="getdata" finished-at="2024-06-15T01:48:58 IST" duration-ms="3" status="PASS">
          <params>
            <param index="0">
              <value>
                <![CDATA[joshua]]>
              </value>
            </param>
            <param index="1">
              <value>
                <![CDATA[welcome@123]]>
              </value>
            </param>
          </params>
          <reporter-output>
          </reporter-output>
        </test-method> <!-- multipletc -->
        <test-method is-config="true" signature="check(java.lang.String,java.lang.String)[pri:0, instance:Final.Parameterization@5824a83d]" started-at="2024-06-15T01:48:58 IST" name="check" finished-at="2024-06-15T01:48:58 IST" duration-ms="1" status="PASS">
          <params>
            <param index="0">
              <value>
                <![CDATA[Antonyjoshua@yopmail.com]]>
              </value>
            </param>
            <param index="1">
              <value>
                <![CDATA[mercy@yopmail.com]]>
              </value>
            </param>
          </params>
          <reporter-output>
          </reporter-output>
        </test-method> <!-- check -->
        <test-method signature="multipletc(java.lang.String,java.lang.String)[pri:0, instance:Final.Parameterization@5824a83d]" started-at="2024-06-15T01:48:58 IST" name="multipletc" data-provider="getdata" finished-at="2024-06-15T01:48:58 IST" duration-ms="3" status="PASS">
          <params>
            <param index="0">
              <value>
                <![CDATA[mercy]]>
              </value>
            </param>
            <param index="1">
              <value>
                <![CDATA[welcome@123]]>
              </value>
            </param>
          </params>
          <reporter-output>
          </reporter-output>
        </test-method> <!-- multipletc -->
      </class> <!-- Final.Parameterization -->
    </test> <!-- Parameter -->
  </suite> <!-- Myhotelai -->
</testng-results>
