<?xml version="1.0" encoding="UTF-8"?>
<testng-results ignored="0" total="2" passed="2" failed="0" skipped="0">
  <reporter-output>
  </reporter-output>
  <suite started-at="2024-12-06T15:22:51 IST" name="Suite" finished-at="2024-12-06T15:23:00 IST" duration-ms="8157">
    <groups>
    </groups>
    <test started-at="2024-12-06T15:22:51 IST" name="Test" finished-at="2024-12-06T15:23:00 IST" duration-ms="8157">
      <class name="GoogleTest">
        <test-method signature="HomePageCheck()[pri:0, instance:GoogleTest@5d534f5d]" started-at="2024-12-06T15:22:52 IST" name="HomePageCheck" finished-at="2024-12-06T15:22:58 IST" duration-ms="6777" status="PASS">
          <reporter-output>
          </reporter-output>
        </test-method> <!-- HomePageCheck -->
      </class> <!-- GoogleTest -->
      <class name="RSATest">
        <test-method signature="HomePageCheck()[pri:0, instance:RSATest@72e5a8e]" started-at="2024-12-06T15:22:52 IST" name="HomePageCheck" finished-at="2024-12-06T15:23:00 IST" duration-ms="8082" status="PASS">
          <reporter-output>
          </reporter-output>
        </test-method> <!-- HomePageCheck -->
      </class> <!-- RSATest -->
    </test> <!-- Test -->
  </suite> <!-- Suite -->
</testng-results>
