<?xml version="1.0" encoding="UTF-8"?>
<testng-results ignored="0" total="1" passed="1" failed="0" skipped="0">
  <reporter-output>
  </reporter-output>
  <suite started-at="2025-11-28T15:33:20 IST" name="Default suite" finished-at="2025-11-28T15:33:41 IST" duration-ms="21153">
    <groups>
    </groups>
    <test started-at="2025-11-28T15:33:20 IST" name="Default test" finished-at="2025-11-28T15:33:41 IST" duration-ms="21153">
      <class name="interview.testcases.Swiggy">
        <test-method signature="swiggy_search()[pri:0, instance:interview.testcases.Swiggy@2a4fb17b]" started-at="2025-11-28T15:33:20 IST" name="swiggy_search" finished-at="2025-11-28T15:33:41 IST" duration-ms="21080" status="PASS">
          <reporter-output>
          </reporter-output>
        </test-method> <!-- swiggy_search -->
      </class> <!-- interview.testcases.Swiggy -->
    </test> <!-- Default test -->
  </suite> <!-- Default suite -->
</testng-results>
