<?xml version="1.0" encoding="UTF-8"?>
<!-- Generated by org.testng.reporters.JUnitXMLReporter -->
<testsuite ignored="1" hostname="ACW-Lap-031" failures="0" tests="3" name="Default test" time="0.196" errors="0" timestamp="2025-01-20T15:23:03 IST">
  <testcase classname="testng.com.Day_2" name="mobilelogin" time="0.028"/>
  <testcase classname="testng.com.Day_2" name="mobilelogin2" time="0.007"/>
  <testcase classname="testng.com.Day_2" name="weblogin" time="0.001"/>
  <testcase classname="testng.com.Day_2" name="enabledmethod" time="0.0">
    <ignored/>
  </testcase> <!-- enabledmethod -->
</testsuite> <!-- Default test -->
